# JRE version: Java(TM) SE Runtime Environment (8.0_92-b14) (build 1.8.0_92-b14)
# Java VM: Java HotSpot(TM) Client VM (25.92-b14 mixed mode windows-x86 )
Heap:
 def new generation   total 39424K, used 13400K [0x05400000, 0x07ec0000, 0x0fea0000)
  eden space 35072K,  37% used [0x05400000, 0x060cc7f0, 0x07640000)
  from space 4352K,   6% used [0x07640000, 0x07689b58, 0x07a80000)
  to   space 4352K,   0% used [0x07a80000, 0x07a80000, 0x07ec0000)
 tenured generation   total 87424K, used 51133K [0x0fea0000, 0x15400000, 0x25400000)
   the space 87424K,  58% used [0x0fea0000, 0x1308f4d8, 0x1308f600, 0x15400000)
 Metaspace       used 19637K, capacity 20103K, committed 20224K, reserved 20864K
GC Heap History (10 events):
Event: 7175.933 GC heap before
{Heap before GC invocations=84 (full 1):
 def new generation   total 39424K, used 35102K [0x05400000, 0x07ec0000, 0x0fea0000)
  eden space 35072K, 100% used [0x05400000, 0x07640000, 0x07640000)
  from space 4352K,   0% used [0x07a80000, 0x07a87bc0, 0x07ec0000)
  to   space 4352K,   0% used [0x07640000, 0x07640000, 0x07a80000)
 tenured generation   total 87424K, used 51133K [0x0fea0000, 0x15400000, 0x25400000)
   the space 87424K,  58% used [0x0fea0000, 0x1308f4d8, 0x1308f600, 0x15400000)
 Metaspace       used 19637K, capacity 20103K, committed 20224K, reserved 20864K
Event: 7175.937 GC heap after
Heap after GC invocations=85 (full 1):
 def new generation   total 39424K, used 25K [0x05400000, 0x07ec0000, 0x0fea0000)
  eden space 35072K,   0% used [0x05400000, 0x05400000, 0x07640000)
  from space 4352K,   0% used [0x07640000, 0x076464b0, 0x07a80000)
  to   space 4352K,   0% used [0x07a80000, 0x07a80000, 0x07ec0000)
 tenured generation   total 87424K, used 51133K [0x0fea0000, 0x15400000, 0x25400000)
   the space 87424K,  58% used [0x0fea0000, 0x1308f4d8, 0x1308f600, 0x15400000)
 Metaspace       used 19637K, capacity 20103K, committed 20224K, reserved 20864K
}
Event: 7459.901 GC heap before
{Heap before GC invocations=85 (full 1):
 def new generation   total 39424K, used 35097K [0x05400000, 0x07ec0000, 0x0fea0000)
  eden space 35072K, 100% used [0x05400000, 0x07640000, 0x07640000)
  from space 4352K,   0% used [0x07640000, 0x076464b0, 0x07a80000)
  to   space 4352K,   0% used [0x07a80000, 0x07a80000, 0x07ec0000)
 tenured generation   total 87424K, used 51133K [0x0fea0000, 0x15400000, 0x25400000)
   the space 87424K,  58% used [0x0fea0000, 0x1308f4d8, 0x1308f600, 0x15400000)
 Metaspace       used 19637K, capacity 20103K, committed 20224K, reserved 20864K
Event: 7459.904 GC heap after
Heap after GC invocations=86 (full 1):
 def new generation   total 39424K, used 29K [0x05400000, 0x07ec0000, 0x0fea0000)
  eden space 35072K,   0% used [0x05400000, 0x05400000, 0x07640000)
  from space 4352K,   0% used [0x07a80000, 0x07a87568, 0x07ec0000)
  to   space 4352K,   0% used [0x07640000, 0x07640000, 0x07a80000)
 tenured generation   total 87424K, used 51133K [0x0fea0000, 0x15400000, 0x25400000)
   the space 87424K,  58% used [0x0fea0000, 0x1308f4d8, 0x1308f600, 0x15400000)
 Metaspace       used 19637K, capacity 20103K, committed 20224K, reserved 20864K
}
Event: 7748.300 GC heap before
{Heap before GC invocations=86 (full 1):
 def new generation   total 39424K, used 35101K [0x05400000, 0x07ec0000, 0x0fea0000)
  eden space 35072K, 100% used [0x05400000, 0x07640000, 0x07640000)
  from space 4352K,   0% used [0x07a80000, 0x07a87568, 0x07ec0000)
  to   space 4352K,   0% used [0x07640000, 0x07640000, 0x07a80000)
 tenured generation   total 87424K, used 51133K [0x0fea0000, 0x15400000, 0x25400000)
   the space 87424K,  58% used [0x0fea0000, 0x1308f4d8, 0x1308f600, 0x15400000)
 Metaspace       used 19637K, capacity 20103K, committed 20224K, reserved 20864K
Event: 7748.303 GC heap after
Heap after GC invocations=87 (full 1):
 def new generation   total 39424K, used 25K [0x05400000, 0x07ec0000, 0x0fea0000)
  eden space 35072K,   0% used [0x05400000, 0x05400000, 0x07640000)
  from space 4352K,   0% used [0x07640000, 0x07646458, 0x07a80000)
  to   space 4352K,   0% used [0x07a80000, 0x07a80000, 0x07ec0000)
 tenured generation   total 87424K, used 51133K [0x0fea0000, 0x15400000, 0x25400000)
   the space 87424K,  58% used [0x0fea0000, 0x1308f4d8, 0x1308f600, 0x15400000)
 Metaspace       used 19637K, capacity 20103K, committed 20224K, reserved 20864K
}
Event: 8036.943 GC heap before
{Heap before GC invocations=87 (full 1):
 def new generation   total 39424K, used 35097K [0x05400000, 0x07ec0000, 0x0fea0000)
  eden space 35072K, 100% used [0x05400000, 0x07640000, 0x07640000)
  from space 4352K,   0% used [0x07640000, 0x07646458, 0x07a80000)
  to   space 4352K,   0% used [0x07a80000, 0x07a80000, 0x07ec0000)
 tenured generation   total 87424K, used 51133K [0x0fea0000, 0x15400000, 0x25400000)
   the space 87424K,  58% used [0x0fea0000, 0x1308f4d8, 0x1308f600, 0x15400000)
 Metaspace       used 19637K, capacity 20103K, committed 20224K, reserved 20864K
Event: 8036.946 GC heap after
Heap after GC invocations=88 (full 1):
 def new generation   total 39424K, used 25K [0x05400000, 0x07ec0000, 0x0fea0000)
  eden space 35072K,   0% used [0x05400000, 0x05400000, 0x07640000)
  from space 4352K,   0% used [0x07a80000, 0x07a86458, 0x07ec0000)
  to   space 4352K,   0% used [0x07640000, 0x07640000, 0x07a80000)
 tenured generation   total 87424K, used 51133K [0x0fea0000, 0x15400000, 0x25400000)
   the space 87424K,  58% used [0x0fea0000, 0x1308f4d8, 0x1308f600, 0x15400000)
 Metaspace       used 19637K, capacity 20103K, committed 20224K, reserved 20864K
}
Event: 8319.136 GC heap before
{Heap before GC invocations=88 (full 1):
 def new generation   total 39424K, used 35097K [0x05400000, 0x07ec0000, 0x0fea0000)
  eden space 35072K, 100% used [0x05400000, 0x07640000, 0x07640000)
  from space 4352K,   0% used [0x07a80000, 0x07a86458, 0x07ec0000)
  to   space 4352K,   0% used [0x07640000, 0x07640000, 0x07a80000)
 tenured generation   total 87424K, used 51133K [0x0fea0000, 0x15400000, 0x25400000)
   the space 87424K,  58% used [0x0fea0000, 0x1308f4d8, 0x1308f600, 0x15400000)
 Metaspace       used 19637K, capacity 20103K, committed 20224K, reserved 20864K
Event: 8319.141 GC heap after
Heap after GC invocations=89 (full 1):
 def new generation   total 39424K, used 294K [0x05400000, 0x07ec0000, 0x0fea0000)
  eden space 35072K,   0% used [0x05400000, 0x05400000, 0x07640000)
  from space 4352K,   6% used [0x07640000, 0x07689b58, 0x07a80000)
  to   space 4352K,   0% used [0x07a80000, 0x07a80000, 0x07ec0000)
 tenured generation   total 87424K, used 51133K [0x0fea0000, 0x15400000, 0x25400000)
   the space 87424K,  58% used [0x0fea0000, 0x1308f4d8, 0x1308f600, 0x15400000)
 Metaspace       used 19637K, capacity 20103K, committed 20224K, reserved 20864K
}

